<?xml version="1.0" encoding="UTF-8"?>
<testng-results ignored="0" total="1" passed="1" failed="0" skipped="0">
  <reporter-output>
  </reporter-output>
  <suite started-at="2025-01-09T12:45:58 IST" name="Suite" finished-at="2025-01-09T12:47:20 IST" duration-ms="82248">
    <groups>
    </groups>
    <test started-at="2025-01-09T12:45:58 IST" name="Test" finished-at="2025-01-09T12:47:20 IST" duration-ms="82248">
      <class name="testCases.Test_L1_SchoolCreation">
        <test-method is-config="true" signature="setup()[pri:0, instance:testCases.Test_L1_SchoolCreation@4a94ee4]" started-at="2025-01-09T12:45:58 IST" name="setup" finished-at="2025-01-09T12:46:15 IST" duration-ms="16683" status="PASS">
          <reporter-output>
          </reporter-output>
        </test-method> <!-- setup -->
        <test-method signature="schoolcreation()[pri:0, instance:testCases.Test_L1_SchoolCreation@4a94ee4]" started-at="2025-01-09T12:46:15 IST" name="schoolcreation" finished-at="2025-01-09T12:47:20 IST" duration-ms="65494" status="PASS">
          <reporter-output>
          </reporter-output>
        </test-method> <!-- schoolcreation -->
        <test-method is-config="true" signature="end()[pri:0, instance:testCases.Test_L1_SchoolCreation@4a94ee4]" started-at="2025-01-09T12:47:20 IST" name="end" finished-at="2025-01-09T12:47:20 IST" duration-ms="2" status="PASS">
          <reporter-output>
          </reporter-output>
        </test-method> <!-- end -->
      </class> <!-- testCases.Test_L1_SchoolCreation -->
    </test> <!-- Test -->
  </suite> <!-- Suite -->
</testng-results>
