<?xml version="1.0" encoding="UTF-8"?>
<testng-results ignored="0" total="1" passed="1" failed="0" skipped="0">
  <reporter-output>
  </reporter-output>
  <suite started-at="2025-04-09T13:56:11 IST" name="Suite" finished-at="2025-04-09T13:57:27 IST" duration-ms="75877">
    <groups>
    </groups>
    <test started-at="2025-04-09T13:56:11 IST" name="Test" finished-at="2025-04-09T13:57:27 IST" duration-ms="75877">
      <class name="testCases.Test_L1_SchoolCreation">
        <test-method is-config="true" signature="setup()[pri:0, instance:testCases.Test_L1_SchoolCreation@55fe41ea]" started-at="2025-04-09T13:56:11 IST" name="setup" finished-at="2025-04-09T13:56:27 IST" duration-ms="16311" status="PASS">
          <reporter-output>
          </reporter-output>
        </test-method> <!-- setup -->
        <test-method signature="schoolcreation()[pri:0, instance:testCases.Test_L1_SchoolCreation@55fe41ea]" started-at="2025-04-09T13:56:27 IST" name="schoolcreation" finished-at="2025-04-09T13:57:27 IST" duration-ms="59530" status="PASS">
          <reporter-output>
          </reporter-output>
        </test-method> <!-- schoolcreation -->
        <test-method is-config="true" signature="end()[pri:0, instance:testCases.Test_L1_SchoolCreation@55fe41ea]" started-at="2025-04-09T13:57:27 IST" name="end" finished-at="2025-04-09T13:57:27 IST" duration-ms="0" status="PASS">
          <reporter-output>
          </reporter-output>
        </test-method> <!-- end -->
      </class> <!-- testCases.Test_L1_SchoolCreation -->
    </test> <!-- Test -->
  </suite> <!-- Suite -->
</testng-results>
